<?xml version="1.0" encoding="UTF-8"?>
<testng-results ignored="0" total="2" passed="1" failed="1" skipped="0">
  <reporter-output>
    <line>
      <![CDATA[Test1suite started.]]>
    </line>
    <line>
      <![CDATA[loginTest started.]]>
    </line>
    <line>
      <![CDATA[loginTest Success.]]>
    </line>
    <line>
      <![CDATA[<a href='F:\POMFramework\POMFramework\src\main\resources\screenShots\login_26_17_2020_12_17_37.png'><img src='F:\POMFramework\POMFramework\src\main\resources\screenShots\login_26_17_2020_12_17_37.png'height='100' width='100'/></a>]]>
    </line>
    <line>
      <![CDATA[Test1Test finished.]]>
    </line>
    <line>
      <![CDATA[Test2suite started.]]>
    </line>
    <line>
      <![CDATA[login1Test started.]]>
    </line>
    <line>
      <![CDATA[login1Test failed.java.lang.AssertionError: expected [false] but found [true]]]>
    </line>
    <line>
      <![CDATA[<a href='F:\POMFramework\POMFramework\src\main\resources\screenShots\login1_26_17_2020_12_17_44.png'><img src='F:\POMFramework\POMFramework\src\main\resources\screenShots\login1_26_17_2020_12_17_44.png'height='100' width='100'/></a>]]>
    </line>
  </reporter-output>
  <suite started-at="2020-05-26T00:17:32 IST" name="Regression Suite" finished-at="2020-05-26T00:17:45 IST" duration-ms="12955">
    <groups>
    </groups>
    <test started-at="2020-05-26T00:17:32 IST" name="Test1" finished-at="2020-05-26T00:17:39 IST" duration-ms="6829">
      <class name="com.POMFramework.vaishTech.uiSoft.testScripts.Test1">
        <test-method is-config="true" signature="BeforeTest()[pri:0, instance:com.POMFramework.vaishTech.uiSoft.testScripts.Test1@36bc55de]" started-at="2020-05-26T00:17:32 IST" name="BeforeTest" finished-at="2020-05-26T00:17:36 IST" duration-ms="4052" status="PASS">
          <reporter-output>
          </reporter-output>
        </test-method> <!-- BeforeTest -->
        <test-method is-config="true" signature="beforeClass()[pri:0, instance:com.POMFramework.vaishTech.uiSoft.testScripts.Test1@36bc55de]" started-at="2020-05-26T00:17:36 IST" name="beforeClass" finished-at="2020-05-26T00:17:36 IST" duration-ms="5" status="PASS">
          <reporter-output>
          </reporter-output>
        </test-method> <!-- beforeClass -->
        <test-method is-config="true" signature="beforeMethod(java.lang.reflect.Method)[pri:0, instance:com.POMFramework.vaishTech.uiSoft.testScripts.Test1@36bc55de]" started-at="2020-05-26T00:17:36 IST" name="beforeMethod" finished-at="2020-05-26T00:17:36 IST" duration-ms="6" status="PASS">
          <params>
            <param index="0">
              <value>
                <![CDATA[public void com.POMFramework.vaishTech.uiSoft.testScripts.Test1.login()]]>
              </value>
            </param>
          </params>
          <reporter-output>
          </reporter-output>
        </test-method> <!-- beforeMethod -->
        <test-method signature="login()[pri:0, instance:com.POMFramework.vaishTech.uiSoft.testScripts.Test1@36bc55de]" started-at="2020-05-26T00:17:36 IST" name="login" finished-at="2020-05-26T00:17:37 IST" duration-ms="1240" status="PASS">
          <reporter-output>
            <line>
              <![CDATA[loginTest started.]]>
            </line>
            <line>
              <![CDATA[loginTest Success.]]>
            </line>
          </reporter-output>
        </test-method> <!-- login -->
        <test-method is-config="true" signature="afterMethod(org.testng.ITestResult)[pri:0, instance:com.POMFramework.vaishTech.uiSoft.testScripts.Test1@36bc55de]" started-at="2020-05-26T00:17:37 IST" name="afterMethod" finished-at="2020-05-26T00:17:38 IST" duration-ms="795" status="PASS">
          <params>
            <param index="0">
              <value>
                <![CDATA[[TestResult name=login status=SUCCESS method=Test1.login()[pri:0, instance:com.POMFramework.vaishTech.uiSoft.testScripts.Test1@36bc55de] output=loginTest started.]]]>
              </value>
            </param>
          </params>
          <reporter-output>
            <line>
              <![CDATA[<a href='F:\POMFramework\POMFramework\src\main\resources\screenShots\login_26_17_2020_12_17_37.png'><img src='F:\POMFramework\POMFramework\src\main\resources\screenShots\login_26_17_2020_12_17_37.png'height='100' width='100'/></a>]]>
            </line>
          </reporter-output>
        </test-method> <!-- afterMethod -->
        <test-method is-config="true" signature="afterTest()[pri:0, instance:com.POMFramework.vaishTech.uiSoft.testScripts.Test1@36bc55de]" started-at="2020-05-26T00:17:38 IST" name="afterTest" finished-at="2020-05-26T00:17:39 IST" duration-ms="693" status="PASS">
          <reporter-output>
          </reporter-output>
        </test-method> <!-- afterTest -->
      </class> <!-- com.POMFramework.vaishTech.uiSoft.testScripts.Test1 -->
    </test> <!-- Test1 -->
    <test started-at="2020-05-26T00:17:39 IST" name="Test2" finished-at="2020-05-26T00:17:45 IST" duration-ms="6070">
      <class name="com.POMFramework.vaishTech.uiSoft.testScripts.TEst2">
        <test-method is-config="true" signature="beforeSuite()[pri:0, instance:com.POMFramework.vaishTech.uiSoft.testScripts.TEst2@3349e9bb]" started-at="2020-05-26T00:17:32 IST" name="beforeSuite" finished-at="2020-05-26T00:17:32 IST" duration-ms="166" status="PASS">
          <reporter-output>
          </reporter-output>
        </test-method> <!-- beforeSuite -->
        <test-method is-config="true" signature="BeforeTest()[pri:0, instance:com.POMFramework.vaishTech.uiSoft.testScripts.TEst2@3349e9bb]" started-at="2020-05-26T00:17:39 IST" name="BeforeTest" finished-at="2020-05-26T00:17:42 IST" duration-ms="3360" status="PASS">
          <reporter-output>
          </reporter-output>
        </test-method> <!-- BeforeTest -->
        <test-method is-config="true" signature="beforeClass()[pri:0, instance:com.POMFramework.vaishTech.uiSoft.testScripts.TEst2@3349e9bb]" started-at="2020-05-26T00:17:42 IST" name="beforeClass" finished-at="2020-05-26T00:17:42 IST" duration-ms="0" status="PASS">
          <reporter-output>
          </reporter-output>
        </test-method> <!-- beforeClass -->
        <test-method is-config="true" signature="beforeMethod(java.lang.reflect.Method)[pri:0, instance:com.POMFramework.vaishTech.uiSoft.testScripts.TEst2@3349e9bb]" started-at="2020-05-26T00:17:42 IST" name="beforeMethod" finished-at="2020-05-26T00:17:42 IST" duration-ms="0" status="PASS">
          <params>
            <param index="0">
              <value>
                <![CDATA[public void com.POMFramework.vaishTech.uiSoft.testScripts.TEst2.login1()]]>
              </value>
            </param>
          </params>
          <reporter-output>
          </reporter-output>
        </test-method> <!-- beforeMethod -->
        <test-method signature="login1()[pri:0, instance:com.POMFramework.vaishTech.uiSoft.testScripts.TEst2@3349e9bb]" started-at="2020-05-26T00:17:42 IST" name="login1" finished-at="2020-05-26T00:17:44 IST" duration-ms="1663" status="FAIL">
          <exception class="java.lang.AssertionError">
            <message>
              <![CDATA[expected [false] but found [true]]]>
            </message>
            <full-stacktrace>
              <![CDATA[java.lang.AssertionError: expected [false] but found [true]
at org.testng.Assert.fail(Assert.java:97)
at org.testng.Assert.failNotEquals(Assert.java:968)
at org.testng.Assert.assertFalse(Assert.java:65)
at org.testng.Assert.assertFalse(Assert.java:75)
at com.POMFramework.vaishTech.uiSoft.helper.assertions.AssertionHelper.markFalse(AssertionHelper.java:35)
at com.POMFramework.vaishTech.uiSoft.testScripts.TEst2.login1(TEst2.java:15)
at java.base/jdk.internal.reflect.NativeMethodAccessorImpl.invoke0(Native Method)
at java.base/jdk.internal.reflect.NativeMethodAccessorImpl.invoke(NativeMethodAccessorImpl.java:62)
at java.base/jdk.internal.reflect.DelegatingMethodAccessorImpl.invoke(DelegatingMethodAccessorImpl.java:43)
at java.base/java.lang.reflect.Method.invoke(Method.java:564)
at org.testng.internal.MethodInvocationHelper.invokeMethod(MethodInvocationHelper.java:135)
at org.testng.internal.TestInvoker.invokeMethod(TestInvoker.java:598)
at org.testng.internal.TestInvoker.invokeTestMethod(TestInvoker.java:174)
at org.testng.internal.MethodRunner.runInSequence(MethodRunner.java:46)
at org.testng.internal.TestInvoker$MethodInvocationAgent.invoke(TestInvoker.java:821)
at org.testng.internal.TestInvoker.invokeTestMethods(TestInvoker.java:147)
at org.testng.internal.TestMethodWorker.invokeTestMethods(TestMethodWorker.java:146)
at org.testng.internal.TestMethodWorker.run(TestMethodWorker.java:128)
at java.base/java.util.ArrayList.forEach(ArrayList.java:1510)
at org.testng.TestRunner.privateRun(TestRunner.java:767)
at org.testng.TestRunner.run(TestRunner.java:588)
at org.testng.SuiteRunner.runTest(SuiteRunner.java:384)
at org.testng.SuiteRunner.runSequentially(SuiteRunner.java:378)
at org.testng.SuiteRunner.privateRun(SuiteRunner.java:337)
at org.testng.SuiteRunner.run(SuiteRunner.java:286)
at org.testng.SuiteRunnerWorker.runSuite(SuiteRunnerWorker.java:53)
at org.testng.SuiteRunnerWorker.run(SuiteRunnerWorker.java:96)
at org.testng.TestNG.runSuitesSequentially(TestNG.java:1214)
at org.testng.TestNG.runSuitesLocally(TestNG.java:1136)
at org.testng.TestNG.runSuites(TestNG.java:1066)
at org.testng.TestNG.run(TestNG.java:1034)
at org.testng.remote.AbstractRemoteTestNG.run(AbstractRemoteTestNG.java:115)
at org.testng.remote.RemoteTestNG.initAndRun(RemoteTestNG.java:251)
at org.testng.remote.RemoteTestNG.main(RemoteTestNG.java:77)
]]>
            </full-stacktrace>
          </exception> <!-- java.lang.AssertionError -->
          <reporter-output>
            <line>
              <![CDATA[login1Test started.]]>
            </line>
            <line>
              <![CDATA[login1Test failed.java.lang.AssertionError: expected [false] but found [true]]]>
            </line>
          </reporter-output>
        </test-method> <!-- login1 -->
        <test-method is-config="true" signature="afterMethod(org.testng.ITestResult)[pri:0, instance:com.POMFramework.vaishTech.uiSoft.testScripts.TEst2@3349e9bb]" started-at="2020-05-26T00:17:44 IST" name="afterMethod" finished-at="2020-05-26T00:17:44 IST" duration-ms="412" status="PASS">
          <params>
            <param index="0">
              <value>
                <![CDATA[[TestResult name=login1 status=FAILURE method=TEst2.login1()[pri:0, instance:com.POMFramework.vaishTech.uiSoft.testScripts.TEst2@3349e9bb] output=login1Test started.]]]>
              </value>
            </param>
          </params>
          <reporter-output>
            <line>
              <![CDATA[<a href='F:\POMFramework\POMFramework\src\main\resources\screenShots\login1_26_17_2020_12_17_44.png'><img src='F:\POMFramework\POMFramework\src\main\resources\screenShots\login1_26_17_2020_12_17_44.png'height='100' width='100'/></a>]]>
            </line>
          </reporter-output>
        </test-method> <!-- afterMethod -->
        <test-method is-config="true" signature="afterTest()[pri:0, instance:com.POMFramework.vaishTech.uiSoft.testScripts.TEst2@3349e9bb]" started-at="2020-05-26T00:17:44 IST" name="afterTest" finished-at="2020-05-26T00:17:45 IST" duration-ms="609" status="PASS">
          <reporter-output>
          </reporter-output>
        </test-method> <!-- afterTest -->
      </class> <!-- com.POMFramework.vaishTech.uiSoft.testScripts.TEst2 -->
    </test> <!-- Test2 -->
  </suite> <!-- Regression Suite -->
</testng-results>
